c:\visual studio - задания\лабораторная №2 - ооп\classtime\x64\debug\classtime.pch
c:\visual studio - задания\лабораторная №2 - ооп\classtime\x64\debug\vc141.pdb
c:\visual studio - задания\лабораторная №2 - ооп\classtime\x64\debug\vc141.idb
c:\visual studio - задания\лабораторная №2 - ооп\classtime\x64\debug\pch.obj
c:\visual studio - задания\лабораторная №2 - ооп\classtime\x64\debug\classtime.obj
c:\visual studio - задания\лабораторная №2 - ооп\x64\debug\classtime.exe
c:\visual studio - задания\лабораторная №2 - ооп\x64\debug\classtime.ilk
c:\visual studio - задания\лабораторная №2 - ооп\x64\debug\classtime.pdb
c:\users\e400\documents\лабораторная №2 - ооп\classtime\x64\debug\classtime.obj
c:\users\e400\documents\лабораторная №2 - ооп\classtime\x64\debug\pch.obj
c:\users\e400\documents\лабораторная №2 - ооп\classtime\x64\debug\classtime.pch
c:\users\e400\documents\лабораторная №2 - ооп\classtime\x64\debug\vc141.idb
c:\users\e400\documents\лабораторная №2 - ооп\classtime\x64\debug\vc141.pdb
c:\users\e400\documents\лабораторная №2 - ооп\x64\debug\classtime.pdb
c:\users\e400\documents\лабораторная №2 - ооп\x64\debug\classtime.exe
c:\users\e400\documents\лабораторная №2 - ооп\x64\debug\classtime.ilk
c:\users\e400\documents\лабораторная №2 - ооп\classtime\x64\debug\classtime.tlog\cl.command.1.tlog
c:\users\e400\documents\лабораторная №2 - ооп\classtime\x64\debug\classtime.tlog\cl.read.1.tlog
c:\users\e400\documents\лабораторная №2 - ооп\classtime\x64\debug\classtime.tlog\cl.write.1.tlog
c:\users\e400\documents\лабораторная №2 - ооп\classtime\x64\debug\classtime.tlog\link.command.1.tlog
c:\users\e400\documents\лабораторная №2 - ооп\classtime\x64\debug\classtime.tlog\link.read.1.tlog
c:\users\e400\documents\лабораторная №2 - ооп\classtime\x64\debug\classtime.tlog\link.write.1.tlog
